----------------------------------------------------------------------
Marvellous.log Process Log
Log file created at :Sun Jun  2 09:50:13 2024
----------------------------------------------------------------------
CONTENTS OF LOG FILE 
----------------------------------------------------------------------
{'username': 'NT AUTHORITY\\SYSTEM', 'name': 'System Idle Process', 'pid': 0} 
{'username': 'NT AUTHORITY\\SYSTEM', 'name': 'System', 'pid': 4} 
{'username': None, 'name': 'svchost.exe', 'pid': 68} 
{'username': None, 'name': 'svchost.exe', 'pid': 72} 
{'username': None, 'name': 'Registry', 'pid': 100} 
{'username': None, 'name': 'smss.exe', 'pid': 448} 
{'username': None, 'name': 'WUDFHost.exe', 'pid': 592} 
{'username': None, 'name': 'csrss.exe', 'pid': 684} 
{'username': None, 'name': 'svchost.exe', 'pid': 688} 
{'username': None, 'name': 'RtkBtManServ.exe', 'pid': 816} 
{'username': None, 'name': 'wininit.exe', 'pid': 820} 
{'username': None, 'name': 'services.exe', 'pid': 868} 
{'username': None, 'name': 'svchost.exe', 'pid': 912} 
{'username': None, 'name': 'lsass.exe', 'pid': 936} 
{'username': None, 'name': 'fontdrvhost.exe', 'pid': 968} 
{'username': None, 'name': 'svchost.exe', 'pid': 1036} 
{'username': None, 'name': 'SynTPEnhService.exe', 'pid': 1060} 
{'username': 'DESKTOP-AK86L5U\\Shedage', 'name': 'chrome.exe', 'pid': 1072} 
{'username': None, 'name': 'svchost.exe', 'pid': 1136} 
{'username': None, 'name': 'svchost.exe', 'pid': 1188} 
{'username': None, 'name': 'svchost.exe', 'pid': 1288} 
{'username': None, 'name': 'svchost.exe', 'pid': 1320} 
{'username': None, 'name': 'svchost.exe', 'pid': 1328} 
{'username': None, 'name': 'svchost.exe', 'pid': 1336} 
{'username': None, 'name': 'svchost.exe', 'pid': 1364} 
{'username': None, 'name': 'svchost.exe', 'pid': 1448} 
{'username': 'DESKTOP-AK86L5U\\Shedage', 'name': 'Code.exe', 'pid': 1480} 
{'username': None, 'name': 'svchost.exe', 'pid': 1504} 
{'username': None, 'name': 'svchost.exe', 'pid': 1536} 
{'username': None, 'name': 'svchost.exe', 'pid': 1640} 
{'username': None, 'name': 'svchost.exe', 'pid': 1700} 
{'username': None, 'name': 'svchost.exe', 'pid': 1712} 
{'username': None, 'name': 'svchost.exe', 'pid': 1840} 
{'username': None, 'name': 'svchost.exe', 'pid': 1912} 
{'username': None, 'name': 'atiesrxx.exe', 'pid': 1936} 
{'username': None, 'name': 'svchost.exe', 'pid': 2016} 
{'username': 'DESKTOP-AK86L5U\\Shedage', 'name': 'svchost.exe', 'pid': 2080} 
{'username': 'DESKTOP-AK86L5U\\Shedage', 'name': 'Code.exe', 'pid': 2096} 
{'username': None, 'name': 'svchost.exe', 'pid': 2104} 
{'username': None, 'name': 'svchost.exe', 'pid': 2112} 
{'username': None, 'name': 'svchost.exe', 'pid': 2120} 
{'username': None, 'name': 'svchost.exe', 'pid': 2208} 
{'username': None, 'name': 'igfxCUIService.exe', 'pid': 2252} 
{'username': None, 'name': 'svchost.exe', 'pid': 2260} 
{'username': None, 'name': 'svchost.exe', 'pid': 2276} 
{'username': None, 'name': 'svchost.exe', 'pid': 2436} 
{'username': None, 'name': 'svchost.exe', 'pid': 2468} 
{'username': None, 'name': 'svchost.exe', 'pid': 2476} 
{'username': 'DESKTOP-AK86L5U\\Shedage', 'name': 'Code.exe', 'pid': 2492} 
{'username': 'DESKTOP-AK86L5U\\Shedage', 'name': 'SecurityHealthSystray.exe', 'pid': 2548} 
{'username': None, 'name': 'svchost.exe', 'pid': 2588} 
{'username': None, 'name': 'svchost.exe', 'pid': 2664} 
{'username': None, 'name': 'dasHost.exe', 'pid': 2716} 
{'username': None, 'name': 'MemCompression', 'pid': 2736} 
{'username': None, 'name': 'SgrmBroker.exe', 'pid': 2780} 
{'username': None, 'name': 'svchost.exe', 'pid': 2836} 
{'username': None, 'name': 'svchost.exe', 'pid': 2856} 
{'username': None, 'name': 'LMS.exe', 'pid': 2928} 
{'username': None, 'name': 'svchost.exe', 'pid': 3028} 
{'username': None, 'name': 'svchost.exe', 'pid': 3088} 
{'username': 'DESKTOP-AK86L5U\\Shedage', 'name': 'Code.exe', 'pid': 3104} 
{'username': 'DESKTOP-AK86L5U\\Shedage', 'name': 'chrome.exe', 'pid': 3140} 
{'username': None, 'name': 'RtkAudioService64.exe', 'pid': 3208} 
{'username': None, 'name': 'svchost.exe', 'pid': 3236} 
{'username': None, 'name': 'svchost.exe', 'pid': 3244} 
{'username': None, 'name': 'mongod.exe', 'pid': 3260} 
{'username': None, 'name': 'svchost.exe', 'pid': 3296} 
{'username': None, 'name': 'svchost.exe', 'pid': 3300} 
{'username': None, 'name': 'svchost.exe', 'pid': 3312} 
{'username': None, 'name': 'svchost.exe', 'pid': 3356} 
{'username': None, 'name': 'svchost.exe', 'pid': 3448} 
{'username': None, 'name': 'svchost.exe', 'pid': 3508} 
{'username': None, 'name': 'svchost.exe', 'pid': 3612} 
{'username': None, 'name': 'svchost.exe', 'pid': 3668} 
{'username': None, 'name': 'svchost.exe', 'pid': 3708} 
{'username': None, 'name': 'svchost.exe', 'pid': 3724} 
{'username': None, 'name': 'svchost.exe', 'pid': 3748} 
{'username': None, 'name': 'svchost.exe', 'pid': 3812} 
{'username': None, 'name': 'spoolsv.exe', 'pid': 3860} 
{'username': None, 'name': 'svchost.exe', 'pid': 3896} 
{'username': None, 'name': 'IntelCpHDCPSvc.exe', 'pid': 3980} 
{'username': None, 'name': 'svchost.exe', 'pid': 3988} 
{'username': None, 'name': 'esif_uf.exe', 'pid': 3996} 
{'username': None, 'name': 'svchost.exe', 'pid': 4004} 
{'username': None, 'name': 'svchost.exe', 'pid': 4012} 
{'username': None, 'name': 'armsvc.exe', 'pid': 4040} 
{'username': None, 'name': 'svchost.exe', 'pid': 4076} 
{'username': None, 'name': 'XtuService.exe', 'pid': 4116} 
{'username': None, 'name': 'svchost.exe', 'pid': 4124} 
{'username': None, 'name': 'svchost.exe', 'pid': 4132} 
{'username': None, 'name': 'svchost.exe', 'pid': 4152} 
{'username': 'DESKTOP-AK86L5U\\Shedage', 'name': 'ShellExperienceHost.exe', 'pid': 4272} 
{'username': 'DESKTOP-AK86L5U\\Shedage', 'name': 'msedge.exe', 'pid': 4356} 
{'username': None, 'name': 'IntelCpHeciSvc.exe', 'pid': 4408} 
{'username': None, 'name': 'svchost.exe', 'pid': 4448} 
{'username': None, 'name': 'jhi_service.exe', 'pid': 4568} 
{'username': 'DESKTOP-AK86L5U\\Shedage', 'name': 'cmd.exe', 'pid': 4580} 
{'username': None, 'name': 'svchost.exe', 'pid': 4680} 
{'username': None, 'name': 'svchost.exe', 'pid': 4728} 
{'username': 'DESKTOP-AK86L5U\\Shedage', 'name': 'svchost.exe', 'pid': 4736} 
{'username': None, 'name': 'winlogon.exe', 'pid': 4800} 
{'username': None, 'name': 'SearchIndexer.exe', 'pid': 5172} 
{'username': 'DESKTOP-AK86L5U\\Shedage', 'name': 'chrome.exe', 'pid': 5460} 
{'username': None, 'name': 'svchost.exe', 'pid': 5500} 
{'username': 'DESKTOP-AK86L5U\\Shedage', 'name': 'chrome.exe', 'pid': 5508} 
{'username': None, 'name': 'svchost.exe', 'pid': 5580} 
{'username': 'DESKTOP-AK86L5U\\Shedage', 'name': 'msedge.exe', 'pid': 5764} 
{'username': None, 'name': 'svchost.exe', 'pid': 5812} 
{'username': None, 'name': 'AggregatorHost.exe', 'pid': 6128} 
{'username': None, 'name': 'WmiPrvSE.exe', 'pid': 6220} 
{'username': None, 'name': 'svchost.exe', 'pid': 6744} 
{'username': None, 'name': 'svchost.exe', 'pid': 6852} 
{'username': None, 'name': 'svchost.exe', 'pid': 6864} 
{'username': None, 'name': 'svchost.exe', 'pid': 6904} 
{'username': None, 'name': 'svchost.exe', 'pid': 6964} 
{'username': 'DESKTOP-AK86L5U\\Shedage', 'name': 'py.exe', 'pid': 7052} 
{'username': None, 'name': 'svchost.exe', 'pid': 7096} 
{'username': 'DESKTOP-AK86L5U\\Shedage', 'name': 'chrome.exe', 'pid': 7220} 
{'username': 'DESKTOP-AK86L5U\\Shedage', 'name': 'chrome.exe', 'pid': 7244} 
{'username': 'DESKTOP-AK86L5U\\Shedage', 'name': 'LockApp.exe', 'pid': 7276} 
{'username': None, 'name': 'svchost.exe', 'pid': 7360} 
{'username': 'DESKTOP-AK86L5U\\Shedage', 'name': 'powershell.exe', 'pid': 7648} 
{'username': 'DESKTOP-AK86L5U\\Shedage', 'name': 'CptHost.exe', 'pid': 7884} 
{'username': 'DESKTOP-AK86L5U\\Shedage', 'name': 'SearchApp.exe', 'pid': 7960} 
{'username': 'DESKTOP-AK86L5U\\Shedage', 'name': 'msedge.exe', 'pid': 8052} 
{'username': 'DESKTOP-AK86L5U\\Shedage', 'name': 'RuntimeBroker.exe', 'pid': 8188} 
{'username': 'DESKTOP-AK86L5U\\Shedage', 'name': 'python.exe', 'pid': 8204} 
{'username': 'DESKTOP-AK86L5U\\Shedage', 'name': 'conhost.exe', 'pid': 8232} 
{'username': None, 'name': 'MoUsoCoreWorker.exe', 'pid': 8408} 
{'username': None, 'name': 'svchost.exe', 'pid': 8416} 
{'username': 'DESKTOP-AK86L5U\\Shedage', 'name': 'jusched.exe', 'pid': 8608} 
{'username': 'DESKTOP-AK86L5U\\Shedage', 'name': 'msedge.exe', 'pid': 8808} 
{'username': 'DESKTOP-AK86L5U\\Shedage', 'name': 'Zoom.exe', 'pid': 8828} 
{'username': 'DESKTOP-AK86L5U\\Shedage', 'name': 'chrome.exe', 'pid': 8852} 
{'username': 'DESKTOP-AK86L5U\\Shedage', 'name': 'TextInputHost.exe', 'pid': 8944} 
{'username': None, 'name': 'SecurityHealthService.exe', 'pid': 8952} 
{'username': 'DESKTOP-AK86L5U\\Shedage', 'name': 'Code.exe', 'pid': 9040} 
{'username': None, 'name': 'dwm.exe', 'pid': 9592} 
{'username': 'DESKTOP-AK86L5U\\Shedage', 'name': 'chrome.exe', 'pid': 9604} 
{'username': 'DESKTOP-AK86L5U\\Shedage', 'name': 'PhoneExperienceHost.exe', 'pid': 9772} 
{'username': None, 'name': 'svchost.exe', 'pid': 9788} 
{'username': 'DESKTOP-AK86L5U\\Shedage', 'name': 'conhost.exe', 'pid': 9928} 
{'username': 'DESKTOP-AK86L5U\\Shedage', 'name': 'msedge.exe', 'pid': 10068} 
{'username': 'DESKTOP-AK86L5U\\Shedage', 'name': 'sihost.exe', 'pid': 10524} 
{'username': 'DESKTOP-AK86L5U\\Shedage', 'name': 'msedge.exe', 'pid': 10740} 
{'username': 'DESKTOP-AK86L5U\\Shedage', 'name': 'Code.exe', 'pid': 10820} 
{'username': 'DESKTOP-AK86L5U\\Shedage', 'name': 'chrome.exe', 'pid': 10996} 
{'username': 'DESKTOP-AK86L5U\\Shedage', 'name': 'Code.exe', 'pid': 11168} 
{'username': 'DESKTOP-AK86L5U\\Shedage', 'name': 'explorer.exe', 'pid': 11776} 
{'username': 'DESKTOP-AK86L5U\\Shedage', 'name': 'Zoom.exe', 'pid': 11816} 
{'username': 'DESKTOP-AK86L5U\\Shedage', 'name': 'RuntimeBroker.exe', 'pid': 11984} 
{'username': None, 'name': 'svchost.exe', 'pid': 12108} 
{'username': 'DESKTOP-AK86L5U\\Shedage', 'name': 'powershell.exe', 'pid': 12148} 
{'username': 'DESKTOP-AK86L5U\\Shedage', 'name': 'RuntimeBroker.exe', 'pid': 12224} 
{'username': 'DESKTOP-AK86L5U\\Shedage', 'name': 'taskhostw.exe', 'pid': 12428} 
{'username': None, 'name': 'fontdrvhost.exe', 'pid': 12504} 
{'username': 'DESKTOP-AK86L5U\\Shedage', 'name': 'RtkNGUI64.exe', 'pid': 12800} 
{'username': 'DESKTOP-AK86L5U\\Shedage', 'name': 'msedge.exe', 'pid': 13144} 
{'username': 'DESKTOP-AK86L5U\\Shedage', 'name': 'SynTPHelper.exe', 'pid': 13660} 
{'username': 'DESKTOP-AK86L5U\\Shedage', 'name': 'conhost.exe', 'pid': 14104} 
{'username': 'DESKTOP-AK86L5U\\Shedage', 'name': 'svchost.exe', 'pid': 14332} 
{'username': 'DESKTOP-AK86L5U\\Shedage', 'name': 'chrome.exe', 'pid': 14388} 
{'username': 'DESKTOP-AK86L5U\\Shedage', 'name': 'chrome.exe', 'pid': 15020} 
{'username': 'DESKTOP-AK86L5U\\Shedage', 'name': 'powershell.exe', 'pid': 15048} 
{'username': 'DESKTOP-AK86L5U\\Shedage', 'name': 'UserOOBEBroker.exe', 'pid': 15392} 
{'username': 'DESKTOP-AK86L5U\\Shedage', 'name': 'RuntimeBroker.exe', 'pid': 15464} 
{'username': 'DESKTOP-AK86L5U\\Shedage', 'name': 'RadeonSettings.exe', 'pid': 15488} 
{'username': 'DESKTOP-AK86L5U\\Shedage', 'name': 'msedge.exe', 'pid': 15552} 
{'username': 'DESKTOP-AK86L5U\\Shedage', 'name': 'Code.exe', 'pid': 15612} 
{'username': None, 'name': 'audiodg.exe', 'pid': 15700} 
{'username': None, 'name': 'svchost.exe', 'pid': 15712} 
{'username': 'DESKTOP-AK86L5U\\Shedage', 'name': 'Code.exe', 'pid': 15716} 
{'username': None, 'name': 'svchost.exe', 'pid': 15728} 
{'username': 'DESKTOP-AK86L5U\\Shedage', 'name': 'chrome.exe', 'pid': 15924} 
{'username': 'DESKTOP-AK86L5U\\Shedage', 'name': 'Code.exe', 'pid': 16024} 
{'username': 'DESKTOP-AK86L5U\\Shedage', 'name': 'jucheck.exe', 'pid': 16232} 
{'username': 'DESKTOP-AK86L5U\\Shedage', 'name': 'dllhost.exe', 'pid': 16268} 
{'username': 'DESKTOP-AK86L5U\\Shedage', 'name': 'AdobeCollabSync.exe', 'pid': 16440} 
{'username': 'DESKTOP-AK86L5U\\Shedage', 'name': 'Code.exe', 'pid': 16484} 
{'username': 'DESKTOP-AK86L5U\\Shedage', 'name': 'chrome.exe', 'pid': 16544} 
{'username': None, 'name': 'svchost.exe', 'pid': 16608} 
{'username': 'DESKTOP-AK86L5U\\Shedage', 'name': 'igfxEM.exe', 'pid': 16648} 
{'username': 'DESKTOP-AK86L5U\\Shedage', 'name': 'ApplicationFrameHost.exe', 'pid': 17088} 
{'username': 'DESKTOP-AK86L5U\\Shedage', 'name': 'OneDrive.exe', 'pid': 17616} 
{'username': 'DESKTOP-AK86L5U\\Shedage', 'name': 'FileCoAuth.exe', 'pid': 17640} 
{'username': 'DESKTOP-AK86L5U\\Shedage', 'name': 'ctfmon.exe', 'pid': 17728} 
{'username': 'DESKTOP-AK86L5U\\Shedage', 'name': 'chrome.exe', 'pid': 17760} 
{'username': 'DESKTOP-AK86L5U\\Shedage', 'name': 'Code.exe', 'pid': 17812} 
{'username': 'DESKTOP-AK86L5U\\Shedage', 'name': 'svchost.exe', 'pid': 17836} 
{'username': None, 'name': 'svchost.exe', 'pid': 18048} 
{'username': 'DESKTOP-AK86L5U\\Shedage', 'name': 'RuntimeBroker.exe', 'pid': 18192} 
{'username': 'DESKTOP-AK86L5U\\Shedage', 'name': 'AdobeCollabSync.exe', 'pid': 18252} 
{'username': 'DESKTOP-AK86L5U\\Shedage', 'name': 'msedge.exe', 'pid': 18324} 
{'username': 'DESKTOP-AK86L5U\\Shedage', 'name': 'StartMenuExperienceHost.exe', 'pid': 18368} 
{'username': 'DESKTOP-AK86L5U\\Shedage', 'name': 'chrome.exe', 'pid': 18392} 
{'username': 'DESKTOP-AK86L5U\\Shedage', 'name': 'msedge.exe', 'pid': 18496} 
{'username': 'DESKTOP-AK86L5U\\Shedage', 'name': 'SearchApp.exe', 'pid': 18716} 
{'username': 'DESKTOP-AK86L5U\\Shedage', 'name': 'esif_assist_64.exe', 'pid': 18728} 
{'username': 'DESKTOP-AK86L5U\\Shedage', 'name': 'Microsoft.Media.Player.exe', 'pid': 18788} 
{'username': 'DESKTOP-AK86L5U\\Shedage', 'name': 'RuntimeBroker.exe', 'pid': 18844} 
{'username': 'DESKTOP-AK86L5U\\Shedage', 'name': 'msedge.exe', 'pid': 19320} 
{'username': 'DESKTOP-AK86L5U\\Shedage', 'name': 'taskhostw.exe', 'pid': 19544} 
{'username': 'DESKTOP-AK86L5U\\Shedage', 'name': 'conhost.exe', 'pid': 19612} 
{'username': 'DESKTOP-AK86L5U\\Shedage', 'name': 'chrome.exe', 'pid': 19628} 
{'username': None, 'name': 'csrss.exe', 'pid': 19708} 
{'username': 'DESKTOP-AK86L5U\\Shedage', 'name': 'chrome.exe', 'pid': 19760} 
{'username': None, 'name': 'RAVBg64.exe', 'pid': 19868} 
{'username': 'DESKTOP-AK86L5U\\Shedage', 'name': 'SynTPEnh.exe', 'pid': 19944} 
----------------------------------------------------------------------
----------------------------------------------------------------------
Marvellous.log Process Log
Log file created at :Sun Jun  2 09:51:14 2024
----------------------------------------------------------------------
CONTENTS OF LOG FILE 
----------------------------------------------------------------------
{'username': 'NT AUTHORITY\\SYSTEM', 'name': 'System Idle Process', 'pid': 0} 
{'username': 'NT AUTHORITY\\SYSTEM', 'name': 'System', 'pid': 4} 
{'username': None, 'name': 'svchost.exe', 'pid': 68} 
{'username': None, 'name': 'svchost.exe', 'pid': 72} 
{'username': None, 'name': 'Registry', 'pid': 100} 
{'username': None, 'name': 'smss.exe', 'pid': 448} 
{'username': None, 'name': 'WUDFHost.exe', 'pid': 592} 
{'username': None, 'name': 'csrss.exe', 'pid': 684} 
{'username': None, 'name': 'svchost.exe', 'pid': 688} 
{'username': None, 'name': 'RtkBtManServ.exe', 'pid': 816} 
{'username': None, 'name': 'wininit.exe', 'pid': 820} 
{'username': None, 'name': 'services.exe', 'pid': 868} 
{'username': None, 'name': 'svchost.exe', 'pid': 912} 
{'username': None, 'name': 'lsass.exe', 'pid': 936} 
{'username': None, 'name': 'fontdrvhost.exe', 'pid': 968} 
{'username': None, 'name': 'svchost.exe', 'pid': 1036} 
{'username': None, 'name': 'SynTPEnhService.exe', 'pid': 1060} 
{'username': 'DESKTOP-AK86L5U\\Shedage', 'name': 'chrome.exe', 'pid': 1072} 
{'username': None, 'name': 'svchost.exe', 'pid': 1136} 
{'username': None, 'name': 'svchost.exe', 'pid': 1188} 
{'username': None, 'name': 'svchost.exe', 'pid': 1288} 
{'username': None, 'name': 'svchost.exe', 'pid': 1320} 
{'username': None, 'name': 'svchost.exe', 'pid': 1328} 
{'username': None, 'name': 'svchost.exe', 'pid': 1336} 
{'username': None, 'name': 'svchost.exe', 'pid': 1364} 
{'username': None, 'name': 'svchost.exe', 'pid': 1448} 
{'username': 'DESKTOP-AK86L5U\\Shedage', 'name': 'Code.exe', 'pid': 1480} 
{'username': None, 'name': 'svchost.exe', 'pid': 1504} 
{'username': None, 'name': 'svchost.exe', 'pid': 1640} 
{'username': None, 'name': 'svchost.exe', 'pid': 1700} 
{'username': None, 'name': 'svchost.exe', 'pid': 1712} 
{'username': None, 'name': 'svchost.exe', 'pid': 1840} 
{'username': None, 'name': 'svchost.exe', 'pid': 1912} 
{'username': None, 'name': 'atiesrxx.exe', 'pid': 1936} 
{'username': None, 'name': 'svchost.exe', 'pid': 2016} 
{'username': 'DESKTOP-AK86L5U\\Shedage', 'name': 'svchost.exe', 'pid': 2080} 
{'username': 'DESKTOP-AK86L5U\\Shedage', 'name': 'Code.exe', 'pid': 2096} 
{'username': None, 'name': 'svchost.exe', 'pid': 2104} 
{'username': None, 'name': 'svchost.exe', 'pid': 2112} 
{'username': None, 'name': 'svchost.exe', 'pid': 2120} 
{'username': None, 'name': 'svchost.exe', 'pid': 2208} 
{'username': None, 'name': 'igfxCUIService.exe', 'pid': 2252} 
{'username': None, 'name': 'svchost.exe', 'pid': 2260} 
{'username': None, 'name': 'svchost.exe', 'pid': 2276} 
{'username': 'DESKTOP-AK86L5U\\Shedage', 'name': 'smartscreen.exe', 'pid': 2372} 
{'username': None, 'name': 'svchost.exe', 'pid': 2436} 
{'username': None, 'name': 'svchost.exe', 'pid': 2468} 
{'username': None, 'name': 'svchost.exe', 'pid': 2476} 
{'username': 'DESKTOP-AK86L5U\\Shedage', 'name': 'Code.exe', 'pid': 2492} 
{'username': 'DESKTOP-AK86L5U\\Shedage', 'name': 'SecurityHealthSystray.exe', 'pid': 2548} 
{'username': None, 'name': 'svchost.exe', 'pid': 2588} 
{'username': None, 'name': 'svchost.exe', 'pid': 2664} 
{'username': None, 'name': 'dasHost.exe', 'pid': 2716} 
{'username': None, 'name': 'MemCompression', 'pid': 2736} 
{'username': None, 'name': 'SgrmBroker.exe', 'pid': 2780} 
{'username': None, 'name': 'svchost.exe', 'pid': 2836} 
{'username': None, 'name': 'svchost.exe', 'pid': 2856} 
{'username': None, 'name': 'LMS.exe', 'pid': 2928} 
{'username': None, 'name': 'svchost.exe', 'pid': 3028} 
{'username': None, 'name': 'svchost.exe', 'pid': 3088} 
{'username': 'DESKTOP-AK86L5U\\Shedage', 'name': 'Code.exe', 'pid': 3104} 
{'username': 'DESKTOP-AK86L5U\\Shedage', 'name': 'chrome.exe', 'pid': 3140} 
{'username': None, 'name': 'RtkAudioService64.exe', 'pid': 3208} 
{'username': None, 'name': 'svchost.exe', 'pid': 3236} 
{'username': None, 'name': 'svchost.exe', 'pid': 3244} 
{'username': None, 'name': 'mongod.exe', 'pid': 3260} 
{'username': None, 'name': 'svchost.exe', 'pid': 3296} 
{'username': None, 'name': 'svchost.exe', 'pid': 3300} 
{'username': None, 'name': 'svchost.exe', 'pid': 3312} 
{'username': None, 'name': 'svchost.exe', 'pid': 3356} 
{'username': None, 'name': 'svchost.exe', 'pid': 3448} 
{'username': None, 'name': 'svchost.exe', 'pid': 3508} 
{'username': None, 'name': 'svchost.exe', 'pid': 3612} 
{'username': None, 'name': 'svchost.exe', 'pid': 3668} 
{'username': None, 'name': 'svchost.exe', 'pid': 3708} 
{'username': None, 'name': 'svchost.exe', 'pid': 3724} 
{'username': None, 'name': 'svchost.exe', 'pid': 3748} 
{'username': None, 'name': 'svchost.exe', 'pid': 3812} 
{'username': None, 'name': 'spoolsv.exe', 'pid': 3860} 
{'username': None, 'name': 'svchost.exe', 'pid': 3896} 
{'username': None, 'name': 'IntelCpHDCPSvc.exe', 'pid': 3980} 
{'username': None, 'name': 'svchost.exe', 'pid': 3988} 
{'username': None, 'name': 'esif_uf.exe', 'pid': 3996} 
{'username': None, 'name': 'svchost.exe', 'pid': 4004} 
{'username': None, 'name': 'svchost.exe', 'pid': 4012} 
{'username': None, 'name': 'armsvc.exe', 'pid': 4040} 
{'username': None, 'name': 'svchost.exe', 'pid': 4076} 
{'username': None, 'name': 'XtuService.exe', 'pid': 4116} 
{'username': None, 'name': 'svchost.exe', 'pid': 4124} 
{'username': None, 'name': 'svchost.exe', 'pid': 4132} 
{'username': None, 'name': 'svchost.exe', 'pid': 4152} 
{'username': 'DESKTOP-AK86L5U\\Shedage', 'name': 'ShellExperienceHost.exe', 'pid': 4272} 
{'username': 'DESKTOP-AK86L5U\\Shedage', 'name': 'msedge.exe', 'pid': 4356} 
{'username': None, 'name': 'IntelCpHeciSvc.exe', 'pid': 4408} 
{'username': None, 'name': 'svchost.exe', 'pid': 4448} 
{'username': None, 'name': 'jhi_service.exe', 'pid': 4568} 
{'username': 'DESKTOP-AK86L5U\\Shedage', 'name': 'cmd.exe', 'pid': 4580} 
{'username': None, 'name': 'svchost.exe', 'pid': 4680} 
{'username': None, 'name': 'svchost.exe', 'pid': 4728} 
{'username': 'DESKTOP-AK86L5U\\Shedage', 'name': 'svchost.exe', 'pid': 4736} 
{'username': None, 'name': 'winlogon.exe', 'pid': 4800} 
{'username': None, 'name': 'SearchIndexer.exe', 'pid': 5172} 
{'username': 'DESKTOP-AK86L5U\\Shedage', 'name': 'chrome.exe', 'pid': 5460} 
{'username': None, 'name': 'svchost.exe', 'pid': 5500} 
{'username': 'DESKTOP-AK86L5U\\Shedage', 'name': 'chrome.exe', 'pid': 5508} 
{'username': None, 'name': 'svchost.exe', 'pid': 5580} 
{'username': 'DESKTOP-AK86L5U\\Shedage', 'name': 'msedge.exe', 'pid': 5764} 
{'username': None, 'name': 'svchost.exe', 'pid': 5812} 
{'username': None, 'name': 'AggregatorHost.exe', 'pid': 6128} 
{'username': None, 'name': 'WmiPrvSE.exe', 'pid': 6220} 
{'username': None, 'name': 'svchost.exe', 'pid': 6744} 
{'username': None, 'name': 'svchost.exe', 'pid': 6852} 
{'username': None, 'name': 'svchost.exe', 'pid': 6864} 
{'username': None, 'name': 'svchost.exe', 'pid': 6904} 
{'username': None, 'name': 'svchost.exe', 'pid': 6964} 
{'username': 'DESKTOP-AK86L5U\\Shedage', 'name': 'py.exe', 'pid': 7052} 
{'username': None, 'name': 'svchost.exe', 'pid': 7096} 
{'username': 'DESKTOP-AK86L5U\\Shedage', 'name': 'chrome.exe', 'pid': 7220} 
{'username': 'DESKTOP-AK86L5U\\Shedage', 'name': 'chrome.exe', 'pid': 7244} 
{'username': 'DESKTOP-AK86L5U\\Shedage', 'name': 'LockApp.exe', 'pid': 7276} 
{'username': None, 'name': 'svchost.exe', 'pid': 7360} 
{'username': 'DESKTOP-AK86L5U\\Shedage', 'name': 'powershell.exe', 'pid': 7648} 
{'username': 'DESKTOP-AK86L5U\\Shedage', 'name': 'CptHost.exe', 'pid': 7884} 
{'username': 'DESKTOP-AK86L5U\\Shedage', 'name': 'SearchApp.exe', 'pid': 7960} 
{'username': 'DESKTOP-AK86L5U\\Shedage', 'name': 'msedge.exe', 'pid': 8052} 
{'username': 'DESKTOP-AK86L5U\\Shedage', 'name': 'RuntimeBroker.exe', 'pid': 8188} 
{'username': 'DESKTOP-AK86L5U\\Shedage', 'name': 'python.exe', 'pid': 8204} 
{'username': 'DESKTOP-AK86L5U\\Shedage', 'name': 'conhost.exe', 'pid': 8232} 
{'username': None, 'name': 'MoUsoCoreWorker.exe', 'pid': 8408} 
{'username': None, 'name': 'svchost.exe', 'pid': 8416} 
{'username': 'DESKTOP-AK86L5U\\Shedage', 'name': 'jusched.exe', 'pid': 8608} 
{'username': 'DESKTOP-AK86L5U\\Shedage', 'name': 'msedge.exe', 'pid': 8808} 
{'username': 'DESKTOP-AK86L5U\\Shedage', 'name': 'Zoom.exe', 'pid': 8828} 
{'username': 'DESKTOP-AK86L5U\\Shedage', 'name': 'chrome.exe', 'pid': 8852} 
{'username': 'DESKTOP-AK86L5U\\Shedage', 'name': 'TextInputHost.exe', 'pid': 8944} 
{'username': None, 'name': 'SecurityHealthService.exe', 'pid': 8952} 
{'username': 'DESKTOP-AK86L5U\\Shedage', 'name': 'Code.exe', 'pid': 9040} 
{'username': None, 'name': 'dwm.exe', 'pid': 9592} 
{'username': 'DESKTOP-AK86L5U\\Shedage', 'name': 'chrome.exe', 'pid': 9604} 
{'username': 'DESKTOP-AK86L5U\\Shedage', 'name': 'PhoneExperienceHost.exe', 'pid': 9772} 
{'username': None, 'name': 'svchost.exe', 'pid': 9788} 
{'username': 'DESKTOP-AK86L5U\\Shedage', 'name': 'conhost.exe', 'pid': 9928} 
{'username': None, 'name': 'SearchFilterHost.exe', 'pid': 10012} 
{'username': 'DESKTOP-AK86L5U\\Shedage', 'name': 'msedge.exe', 'pid': 10068} 
{'username': 'DESKTOP-AK86L5U\\Shedage', 'name': 'sihost.exe', 'pid': 10524} 
{'username': 'DESKTOP-AK86L5U\\Shedage', 'name': 'msedge.exe', 'pid': 10740} 
{'username': 'DESKTOP-AK86L5U\\Shedage', 'name': 'Code.exe', 'pid': 10820} 
{'username': 'DESKTOP-AK86L5U\\Shedage', 'name': 'chrome.exe', 'pid': 10996} 
{'username': 'DESKTOP-AK86L5U\\Shedage', 'name': 'Code.exe', 'pid': 11168} 
{'username': 'DESKTOP-AK86L5U\\Shedage', 'name': 'explorer.exe', 'pid': 11776} 
{'username': 'DESKTOP-AK86L5U\\Shedage', 'name': 'Zoom.exe', 'pid': 11816} 
{'username': 'DESKTOP-AK86L5U\\Shedage', 'name': 'RuntimeBroker.exe', 'pid': 11984} 
{'username': None, 'name': 'svchost.exe', 'pid': 12108} 
{'username': 'DESKTOP-AK86L5U\\Shedage', 'name': 'powershell.exe', 'pid': 12148} 
{'username': 'DESKTOP-AK86L5U\\Shedage', 'name': 'RuntimeBroker.exe', 'pid': 12224} 
{'username': 'DESKTOP-AK86L5U\\Shedage', 'name': 'taskhostw.exe', 'pid': 12428} 
{'username': None, 'name': 'fontdrvhost.exe', 'pid': 12504} 
{'username': 'DESKTOP-AK86L5U\\Shedage', 'name': 'RtkNGUI64.exe', 'pid': 12800} 
{'username': 'DESKTOP-AK86L5U\\Shedage', 'name': 'msedge.exe', 'pid': 13144} 
{'username': 'DESKTOP-AK86L5U\\Shedage', 'name': 'SynTPHelper.exe', 'pid': 13660} 
{'username': 'DESKTOP-AK86L5U\\Shedage', 'name': 'conhost.exe', 'pid': 14104} 
{'username': 'DESKTOP-AK86L5U\\Shedage', 'name': 'svchost.exe', 'pid': 14332} 
{'username': 'DESKTOP-AK86L5U\\Shedage', 'name': 'chrome.exe', 'pid': 14388} 
{'username': 'DESKTOP-AK86L5U\\Shedage', 'name': 'chrome.exe', 'pid': 15020} 
{'username': 'DESKTOP-AK86L5U\\Shedage', 'name': 'powershell.exe', 'pid': 15048} 
{'username': 'DESKTOP-AK86L5U\\Shedage', 'name': 'UserOOBEBroker.exe', 'pid': 15392} 
{'username': 'DESKTOP-AK86L5U\\Shedage', 'name': 'RuntimeBroker.exe', 'pid': 15464} 
{'username': 'DESKTOP-AK86L5U\\Shedage', 'name': 'RadeonSettings.exe', 'pid': 15488} 
{'username': 'DESKTOP-AK86L5U\\Shedage', 'name': 'msedge.exe', 'pid': 15552} 
{'username': 'DESKTOP-AK86L5U\\Shedage', 'name': 'Code.exe', 'pid': 15612} 
{'username': None, 'name': 'audiodg.exe', 'pid': 15700} 
{'username': None, 'name': 'svchost.exe', 'pid': 15712} 
{'username': 'DESKTOP-AK86L5U\\Shedage', 'name': 'Code.exe', 'pid': 15716} 
{'username': None, 'name': 'svchost.exe', 'pid': 15728} 
{'username': 'DESKTOP-AK86L5U\\Shedage', 'name': 'chrome.exe', 'pid': 15924} 
{'username': 'DESKTOP-AK86L5U\\Shedage', 'name': 'Code.exe', 'pid': 16024} 
{'username': 'DESKTOP-AK86L5U\\Shedage', 'name': 'jucheck.exe', 'pid': 16232} 
{'username': 'DESKTOP-AK86L5U\\Shedage', 'name': 'dllhost.exe', 'pid': 16268} 
{'username': 'DESKTOP-AK86L5U\\Shedage', 'name': 'AdobeCollabSync.exe', 'pid': 16440} 
{'username': 'DESKTOP-AK86L5U\\Shedage', 'name': 'Code.exe', 'pid': 16484} 
{'username': 'DESKTOP-AK86L5U\\Shedage', 'name': 'chrome.exe', 'pid': 16544} 
{'username': None, 'name': 'svchost.exe', 'pid': 16608} 
{'username': 'DESKTOP-AK86L5U\\Shedage', 'name': 'igfxEM.exe', 'pid': 16648} 
{'username': 'DESKTOP-AK86L5U\\Shedage', 'name': 'ApplicationFrameHost.exe', 'pid': 17088} 
{'username': 'DESKTOP-AK86L5U\\Shedage', 'name': 'OneDrive.exe', 'pid': 17616} 
{'username': 'DESKTOP-AK86L5U\\Shedage', 'name': 'FileCoAuth.exe', 'pid': 17640} 
{'username': 'DESKTOP-AK86L5U\\Shedage', 'name': 'ctfmon.exe', 'pid': 17728} 
{'username': 'DESKTOP-AK86L5U\\Shedage', 'name': 'chrome.exe', 'pid': 17760} 
{'username': 'DESKTOP-AK86L5U\\Shedage', 'name': 'Code.exe', 'pid': 17812} 
{'username': 'DESKTOP-AK86L5U\\Shedage', 'name': 'svchost.exe', 'pid': 17836} 
{'username': None, 'name': 'svchost.exe', 'pid': 18048} 
{'username': 'DESKTOP-AK86L5U\\Shedage', 'name': 'RuntimeBroker.exe', 'pid': 18192} 
{'username': 'DESKTOP-AK86L5U\\Shedage', 'name': 'AdobeCollabSync.exe', 'pid': 18252} 
{'username': 'DESKTOP-AK86L5U\\Shedage', 'name': 'msedge.exe', 'pid': 18324} 
{'username': 'DESKTOP-AK86L5U\\Shedage', 'name': 'StartMenuExperienceHost.exe', 'pid': 18368} 
{'username': 'DESKTOP-AK86L5U\\Shedage', 'name': 'chrome.exe', 'pid': 18392} 
{'username': 'DESKTOP-AK86L5U\\Shedage', 'name': 'msedge.exe', 'pid': 18496} 
{'username': 'DESKTOP-AK86L5U\\Shedage', 'name': 'SearchApp.exe', 'pid': 18716} 
{'username': 'DESKTOP-AK86L5U\\Shedage', 'name': 'esif_assist_64.exe', 'pid': 18728} 
{'username': 'DESKTOP-AK86L5U\\Shedage', 'name': 'Microsoft.Media.Player.exe', 'pid': 18788} 
{'username': 'DESKTOP-AK86L5U\\Shedage', 'name': 'RuntimeBroker.exe', 'pid': 18844} 
{'username': 'DESKTOP-AK86L5U\\Shedage', 'name': 'msedge.exe', 'pid': 19320} 
{'username': 'DESKTOP-AK86L5U\\Shedage', 'name': 'taskhostw.exe', 'pid': 19544} 
{'username': 'DESKTOP-AK86L5U\\Shedage', 'name': 'conhost.exe', 'pid': 19612} 
{'username': 'DESKTOP-AK86L5U\\Shedage', 'name': 'chrome.exe', 'pid': 19628} 
{'username': None, 'name': 'csrss.exe', 'pid': 19708} 
{'username': 'DESKTOP-AK86L5U\\Shedage', 'name': 'chrome.exe', 'pid': 19760} 
{'username': None, 'name': 'RAVBg64.exe', 'pid': 19868} 
{'username': 'DESKTOP-AK86L5U\\Shedage', 'name': 'SynTPEnh.exe', 'pid': 19944} 
{'username': 'DESKTOP-AK86L5U\\Shedage', 'name': 'SearchProtocolHost.exe', 'pid': 20448} 
----------------------------------------------------------------------
----------------------------------------------------------------------
Marvellous.log Process Log
Log file created at :Sun Jun  2 09:52:15 2024
----------------------------------------------------------------------
CONTENTS OF LOG FILE 
----------------------------------------------------------------------
{'username': 'NT AUTHORITY\\SYSTEM', 'name': 'System Idle Process', 'pid': 0} 
{'username': 'NT AUTHORITY\\SYSTEM', 'name': 'System', 'pid': 4} 
{'username': None, 'name': 'svchost.exe', 'pid': 68} 
{'username': None, 'name': 'svchost.exe', 'pid': 72} 
{'username': None, 'name': 'Registry', 'pid': 100} 
{'username': None, 'name': 'smss.exe', 'pid': 448} 
{'username': None, 'name': 'WUDFHost.exe', 'pid': 592} 
{'username': None, 'name': 'csrss.exe', 'pid': 684} 
{'username': None, 'name': 'svchost.exe', 'pid': 688} 
{'username': None, 'name': 'RtkBtManServ.exe', 'pid': 816} 
{'username': None, 'name': 'wininit.exe', 'pid': 820} 
{'username': None, 'name': 'services.exe', 'pid': 868} 
{'username': None, 'name': 'svchost.exe', 'pid': 912} 
{'username': None, 'name': 'lsass.exe', 'pid': 936} 
{'username': None, 'name': 'fontdrvhost.exe', 'pid': 968} 
{'username': None, 'name': 'svchost.exe', 'pid': 1036} 
{'username': None, 'name': 'SynTPEnhService.exe', 'pid': 1060} 
{'username': 'DESKTOP-AK86L5U\\Shedage', 'name': 'chrome.exe', 'pid': 1072} 
{'username': None, 'name': 'svchost.exe', 'pid': 1136} 
{'username': None, 'name': 'svchost.exe', 'pid': 1188} 
{'username': None, 'name': 'svchost.exe', 'pid': 1288} 
{'username': None, 'name': 'svchost.exe', 'pid': 1320} 
{'username': None, 'name': 'svchost.exe', 'pid': 1328} 
{'username': None, 'name': 'svchost.exe', 'pid': 1336} 
{'username': None, 'name': 'svchost.exe', 'pid': 1364} 
{'username': None, 'name': 'svchost.exe', 'pid': 1448} 
{'username': 'DESKTOP-AK86L5U\\Shedage', 'name': 'Code.exe', 'pid': 1480} 
{'username': None, 'name': 'svchost.exe', 'pid': 1504} 
{'username': None, 'name': 'svchost.exe', 'pid': 1640} 
{'username': None, 'name': 'svchost.exe', 'pid': 1700} 
{'username': None, 'name': 'svchost.exe', 'pid': 1712} 
{'username': None, 'name': 'svchost.exe', 'pid': 1840} 
{'username': None, 'name': 'svchost.exe', 'pid': 1912} 
{'username': None, 'name': 'atiesrxx.exe', 'pid': 1936} 
{'username': None, 'name': 'svchost.exe', 'pid': 2016} 
{'username': 'DESKTOP-AK86L5U\\Shedage', 'name': 'svchost.exe', 'pid': 2080} 
{'username': 'DESKTOP-AK86L5U\\Shedage', 'name': 'Code.exe', 'pid': 2096} 
{'username': None, 'name': 'svchost.exe', 'pid': 2104} 
{'username': None, 'name': 'svchost.exe', 'pid': 2112} 
{'username': None, 'name': 'svchost.exe', 'pid': 2120} 
{'username': None, 'name': 'svchost.exe', 'pid': 2208} 
{'username': None, 'name': 'igfxCUIService.exe', 'pid': 2252} 
{'username': None, 'name': 'svchost.exe', 'pid': 2260} 
{'username': None, 'name': 'svchost.exe', 'pid': 2276} 
{'username': 'DESKTOP-AK86L5U\\Shedage', 'name': 'smartscreen.exe', 'pid': 2372} 
{'username': None, 'name': 'svchost.exe', 'pid': 2436} 
{'username': None, 'name': 'svchost.exe', 'pid': 2468} 
{'username': None, 'name': 'svchost.exe', 'pid': 2476} 
{'username': 'DESKTOP-AK86L5U\\Shedage', 'name': 'Code.exe', 'pid': 2492} 
{'username': 'DESKTOP-AK86L5U\\Shedage', 'name': 'SecurityHealthSystray.exe', 'pid': 2548} 
{'username': None, 'name': 'svchost.exe', 'pid': 2588} 
{'username': None, 'name': 'svchost.exe', 'pid': 2664} 
{'username': None, 'name': 'dasHost.exe', 'pid': 2716} 
{'username': None, 'name': 'MemCompression', 'pid': 2736} 
{'username': None, 'name': 'SgrmBroker.exe', 'pid': 2780} 
{'username': None, 'name': 'svchost.exe', 'pid': 2836} 
{'username': None, 'name': 'svchost.exe', 'pid': 2856} 
{'username': None, 'name': 'LMS.exe', 'pid': 2928} 
{'username': None, 'name': 'svchost.exe', 'pid': 3028} 
{'username': None, 'name': 'svchost.exe', 'pid': 3088} 
{'username': 'DESKTOP-AK86L5U\\Shedage', 'name': 'Code.exe', 'pid': 3104} 
{'username': 'DESKTOP-AK86L5U\\Shedage', 'name': 'chrome.exe', 'pid': 3140} 
{'username': None, 'name': 'RtkAudioService64.exe', 'pid': 3208} 
{'username': None, 'name': 'svchost.exe', 'pid': 3236} 
{'username': None, 'name': 'svchost.exe', 'pid': 3244} 
{'username': None, 'name': 'mongod.exe', 'pid': 3260} 
{'username': None, 'name': 'svchost.exe', 'pid': 3296} 
{'username': None, 'name': 'svchost.exe', 'pid': 3300} 
{'username': None, 'name': 'svchost.exe', 'pid': 3312} 
{'username': None, 'name': 'svchost.exe', 'pid': 3356} 
{'username': None, 'name': 'svchost.exe', 'pid': 3448} 
{'username': None, 'name': 'svchost.exe', 'pid': 3508} 
{'username': None, 'name': 'svchost.exe', 'pid': 3612} 
{'username': None, 'name': 'svchost.exe', 'pid': 3668} 
{'username': None, 'name': 'svchost.exe', 'pid': 3708} 
{'username': None, 'name': 'svchost.exe', 'pid': 3724} 
{'username': None, 'name': 'svchost.exe', 'pid': 3748} 
{'username': None, 'name': 'svchost.exe', 'pid': 3812} 
{'username': None, 'name': 'spoolsv.exe', 'pid': 3860} 
{'username': None, 'name': 'svchost.exe', 'pid': 3896} 
{'username': None, 'name': 'IntelCpHDCPSvc.exe', 'pid': 3980} 
{'username': None, 'name': 'svchost.exe', 'pid': 3988} 
{'username': None, 'name': 'esif_uf.exe', 'pid': 3996} 
{'username': None, 'name': 'svchost.exe', 'pid': 4004} 
{'username': None, 'name': 'svchost.exe', 'pid': 4012} 
{'username': None, 'name': 'armsvc.exe', 'pid': 4040} 
{'username': None, 'name': 'svchost.exe', 'pid': 4076} 
{'username': None, 'name': 'XtuService.exe', 'pid': 4116} 
{'username': None, 'name': 'svchost.exe', 'pid': 4124} 
{'username': None, 'name': 'svchost.exe', 'pid': 4132} 
{'username': None, 'name': 'svchost.exe', 'pid': 4152} 
{'username': 'DESKTOP-AK86L5U\\Shedage', 'name': 'ShellExperienceHost.exe', 'pid': 4272} 
{'username': 'DESKTOP-AK86L5U\\Shedage', 'name': 'msedge.exe', 'pid': 4356} 
{'username': None, 'name': 'IntelCpHeciSvc.exe', 'pid': 4408} 
{'username': None, 'name': 'svchost.exe', 'pid': 4448} 
{'username': None, 'name': 'jhi_service.exe', 'pid': 4568} 
{'username': 'DESKTOP-AK86L5U\\Shedage', 'name': 'cmd.exe', 'pid': 4580} 
{'username': None, 'name': 'svchost.exe', 'pid': 4680} 
{'username': None, 'name': 'svchost.exe', 'pid': 4728} 
{'username': 'DESKTOP-AK86L5U\\Shedage', 'name': 'svchost.exe', 'pid': 4736} 
{'username': None, 'name': 'winlogon.exe', 'pid': 4800} 
{'username': None, 'name': 'SearchIndexer.exe', 'pid': 5172} 
{'username': 'DESKTOP-AK86L5U\\Shedage', 'name': 'chrome.exe', 'pid': 5460} 
{'username': None, 'name': 'svchost.exe', 'pid': 5500} 
{'username': 'DESKTOP-AK86L5U\\Shedage', 'name': 'chrome.exe', 'pid': 5508} 
{'username': None, 'name': 'svchost.exe', 'pid': 5580} 
{'username': 'DESKTOP-AK86L5U\\Shedage', 'name': 'msedge.exe', 'pid': 5764} 
{'username': None, 'name': 'svchost.exe', 'pid': 5812} 
{'username': None, 'name': 'AggregatorHost.exe', 'pid': 6128} 
{'username': None, 'name': 'WmiPrvSE.exe', 'pid': 6220} 
{'username': None, 'name': 'svchost.exe', 'pid': 6744} 
{'username': None, 'name': 'svchost.exe', 'pid': 6852} 
{'username': None, 'name': 'svchost.exe', 'pid': 6864} 
{'username': None, 'name': 'svchost.exe', 'pid': 6904} 
{'username': None, 'name': 'svchost.exe', 'pid': 6964} 
{'username': 'DESKTOP-AK86L5U\\Shedage', 'name': 'py.exe', 'pid': 7052} 
{'username': None, 'name': 'svchost.exe', 'pid': 7096} 
{'username': 'DESKTOP-AK86L5U\\Shedage', 'name': 'chrome.exe', 'pid': 7220} 
{'username': 'DESKTOP-AK86L5U\\Shedage', 'name': 'chrome.exe', 'pid': 7244} 
{'username': 'DESKTOP-AK86L5U\\Shedage', 'name': 'LockApp.exe', 'pid': 7276} 
{'username': None, 'name': 'svchost.exe', 'pid': 7360} 
{'username': 'DESKTOP-AK86L5U\\Shedage', 'name': 'powershell.exe', 'pid': 7648} 
{'username': 'DESKTOP-AK86L5U\\Shedage', 'name': 'CptHost.exe', 'pid': 7884} 
{'username': 'DESKTOP-AK86L5U\\Shedage', 'name': 'SearchApp.exe', 'pid': 7960} 
{'username': 'DESKTOP-AK86L5U\\Shedage', 'name': 'msedge.exe', 'pid': 8052} 
{'username': 'DESKTOP-AK86L5U\\Shedage', 'name': 'RuntimeBroker.exe', 'pid': 8188} 
{'username': 'DESKTOP-AK86L5U\\Shedage', 'name': 'python.exe', 'pid': 8204} 
{'username': 'DESKTOP-AK86L5U\\Shedage', 'name': 'conhost.exe', 'pid': 8232} 
{'username': None, 'name': 'MoUsoCoreWorker.exe', 'pid': 8408} 
{'username': None, 'name': 'svchost.exe', 'pid': 8416} 
{'username': 'DESKTOP-AK86L5U\\Shedage', 'name': 'jusched.exe', 'pid': 8608} 
{'username': 'DESKTOP-AK86L5U\\Shedage', 'name': 'msedge.exe', 'pid': 8808} 
{'username': 'DESKTOP-AK86L5U\\Shedage', 'name': 'Zoom.exe', 'pid': 8828} 
{'username': 'DESKTOP-AK86L5U\\Shedage', 'name': 'chrome.exe', 'pid': 8852} 
{'username': 'DESKTOP-AK86L5U\\Shedage', 'name': 'TextInputHost.exe', 'pid': 8944} 
{'username': None, 'name': 'SecurityHealthService.exe', 'pid': 8952} 
{'username': 'DESKTOP-AK86L5U\\Shedage', 'name': 'Code.exe', 'pid': 9040} 
{'username': None, 'name': 'dwm.exe', 'pid': 9592} 
{'username': 'DESKTOP-AK86L5U\\Shedage', 'name': 'chrome.exe', 'pid': 9604} 
{'username': 'DESKTOP-AK86L5U\\Shedage', 'name': 'PhoneExperienceHost.exe', 'pid': 9772} 
{'username': None, 'name': 'svchost.exe', 'pid': 9788} 
{'username': 'DESKTOP-AK86L5U\\Shedage', 'name': 'conhost.exe', 'pid': 9928} 
{'username': None, 'name': 'SearchFilterHost.exe', 'pid': 10012} 
{'username': 'DESKTOP-AK86L5U\\Shedage', 'name': 'msedge.exe', 'pid': 10068} 
{'username': 'DESKTOP-AK86L5U\\Shedage', 'name': 'sihost.exe', 'pid': 10524} 
{'username': 'DESKTOP-AK86L5U\\Shedage', 'name': 'msedge.exe', 'pid': 10740} 
{'username': 'DESKTOP-AK86L5U\\Shedage', 'name': 'Code.exe', 'pid': 10820} 
{'username': 'DESKTOP-AK86L5U\\Shedage', 'name': 'chrome.exe', 'pid': 10996} 
{'username': 'DESKTOP-AK86L5U\\Shedage', 'name': 'Code.exe', 'pid': 11168} 
{'username': 'DESKTOP-AK86L5U\\Shedage', 'name': 'explorer.exe', 'pid': 11776} 
{'username': 'DESKTOP-AK86L5U\\Shedage', 'name': 'Zoom.exe', 'pid': 11816} 
{'username': 'DESKTOP-AK86L5U\\Shedage', 'name': 'RuntimeBroker.exe', 'pid': 11984} 
{'username': None, 'name': 'svchost.exe', 'pid': 12108} 
{'username': 'DESKTOP-AK86L5U\\Shedage', 'name': 'powershell.exe', 'pid': 12148} 
{'username': 'DESKTOP-AK86L5U\\Shedage', 'name': 'RuntimeBroker.exe', 'pid': 12224} 
{'username': 'DESKTOP-AK86L5U\\Shedage', 'name': 'taskhostw.exe', 'pid': 12428} 
{'username': None, 'name': 'fontdrvhost.exe', 'pid': 12504} 
{'username': 'DESKTOP-AK86L5U\\Shedage', 'name': 'RtkNGUI64.exe', 'pid': 12800} 
{'username': 'DESKTOP-AK86L5U\\Shedage', 'name': 'msedge.exe', 'pid': 13144} 
{'username': 'DESKTOP-AK86L5U\\Shedage', 'name': 'SynTPHelper.exe', 'pid': 13660} 
{'username': 'DESKTOP-AK86L5U\\Shedage', 'name': 'conhost.exe', 'pid': 14104} 
{'username': 'DESKTOP-AK86L5U\\Shedage', 'name': 'svchost.exe', 'pid': 14332} 
{'username': 'DESKTOP-AK86L5U\\Shedage', 'name': 'chrome.exe', 'pid': 14388} 
{'username': 'DESKTOP-AK86L5U\\Shedage', 'name': 'chrome.exe', 'pid': 15020} 
{'username': 'DESKTOP-AK86L5U\\Shedage', 'name': 'powershell.exe', 'pid': 15048} 
{'username': 'DESKTOP-AK86L5U\\Shedage', 'name': 'UserOOBEBroker.exe', 'pid': 15392} 
{'username': 'DESKTOP-AK86L5U\\Shedage', 'name': 'RuntimeBroker.exe', 'pid': 15464} 
{'username': 'DESKTOP-AK86L5U\\Shedage', 'name': 'RadeonSettings.exe', 'pid': 15488} 
{'username': 'DESKTOP-AK86L5U\\Shedage', 'name': 'msedge.exe', 'pid': 15552} 
{'username': 'DESKTOP-AK86L5U\\Shedage', 'name': 'Code.exe', 'pid': 15612} 
{'username': None, 'name': 'audiodg.exe', 'pid': 15700} 
{'username': None, 'name': 'svchost.exe', 'pid': 15712} 
{'username': 'DESKTOP-AK86L5U\\Shedage', 'name': 'Code.exe', 'pid': 15716} 
{'username': None, 'name': 'svchost.exe', 'pid': 15728} 
{'username': 'DESKTOP-AK86L5U\\Shedage', 'name': 'chrome.exe', 'pid': 15924} 
{'username': 'DESKTOP-AK86L5U\\Shedage', 'name': 'Code.exe', 'pid': 16024} 
{'username': 'DESKTOP-AK86L5U\\Shedage', 'name': 'jucheck.exe', 'pid': 16232} 
{'username': 'DESKTOP-AK86L5U\\Shedage', 'name': 'dllhost.exe', 'pid': 16268} 
{'username': 'DESKTOP-AK86L5U\\Shedage', 'name': 'AdobeCollabSync.exe', 'pid': 16440} 
{'username': 'DESKTOP-AK86L5U\\Shedage', 'name': 'Code.exe', 'pid': 16484} 
{'username': 'DESKTOP-AK86L5U\\Shedage', 'name': 'chrome.exe', 'pid': 16544} 
{'username': None, 'name': 'svchost.exe', 'pid': 16608} 
{'username': 'DESKTOP-AK86L5U\\Shedage', 'name': 'igfxEM.exe', 'pid': 16648} 
{'username': 'DESKTOP-AK86L5U\\Shedage', 'name': 'ApplicationFrameHost.exe', 'pid': 17088} 
{'username': 'DESKTOP-AK86L5U\\Shedage', 'name': 'OneDrive.exe', 'pid': 17616} 
{'username': 'DESKTOP-AK86L5U\\Shedage', 'name': 'FileCoAuth.exe', 'pid': 17640} 
{'username': 'DESKTOP-AK86L5U\\Shedage', 'name': 'ctfmon.exe', 'pid': 17728} 
{'username': 'DESKTOP-AK86L5U\\Shedage', 'name': 'chrome.exe', 'pid': 17760} 
{'username': 'DESKTOP-AK86L5U\\Shedage', 'name': 'Code.exe', 'pid': 17812} 
{'username': 'DESKTOP-AK86L5U\\Shedage', 'name': 'svchost.exe', 'pid': 17836} 
{'username': None, 'name': 'svchost.exe', 'pid': 18048} 
{'username': 'DESKTOP-AK86L5U\\Shedage', 'name': 'RuntimeBroker.exe', 'pid': 18192} 
{'username': 'DESKTOP-AK86L5U\\Shedage', 'name': 'AdobeCollabSync.exe', 'pid': 18252} 
{'username': 'DESKTOP-AK86L5U\\Shedage', 'name': 'msedge.exe', 'pid': 18324} 
{'username': 'DESKTOP-AK86L5U\\Shedage', 'name': 'StartMenuExperienceHost.exe', 'pid': 18368} 
{'username': 'DESKTOP-AK86L5U\\Shedage', 'name': 'chrome.exe', 'pid': 18392} 
{'username': 'DESKTOP-AK86L5U\\Shedage', 'name': 'msedge.exe', 'pid': 18496} 
{'username': 'DESKTOP-AK86L5U\\Shedage', 'name': 'SearchApp.exe', 'pid': 18716} 
{'username': 'DESKTOP-AK86L5U\\Shedage', 'name': 'esif_assist_64.exe', 'pid': 18728} 
{'username': 'DESKTOP-AK86L5U\\Shedage', 'name': 'Microsoft.Media.Player.exe', 'pid': 18788} 
{'username': 'DESKTOP-AK86L5U\\Shedage', 'name': 'RuntimeBroker.exe', 'pid': 18844} 
{'username': 'DESKTOP-AK86L5U\\Shedage', 'name': 'msedge.exe', 'pid': 19320} 
{'username': 'DESKTOP-AK86L5U\\Shedage', 'name': 'taskhostw.exe', 'pid': 19544} 
{'username': 'DESKTOP-AK86L5U\\Shedage', 'name': 'conhost.exe', 'pid': 19612} 
{'username': 'DESKTOP-AK86L5U\\Shedage', 'name': 'chrome.exe', 'pid': 19628} 
{'username': None, 'name': 'csrss.exe', 'pid': 19708} 
{'username': 'DESKTOP-AK86L5U\\Shedage', 'name': 'chrome.exe', 'pid': 19760} 
{'username': None, 'name': 'RAVBg64.exe', 'pid': 19868} 
{'username': 'DESKTOP-AK86L5U\\Shedage', 'name': 'SynTPEnh.exe', 'pid': 19944} 
{'username': 'DESKTOP-AK86L5U\\Shedage', 'name': 'SearchProtocolHost.exe', 'pid': 20448} 
----------------------------------------------------------------------
