----------------------------------------------------------------------------------------------------
Marvellous\Marvellous2024_06_02_10_16_42.log Process Log
Log file created at :Sun Jun  2 10:16:42 2024
----------------------------------------------------------------------------------------------------
CONTENTS OF LOG FILE 
----------------------------------------------------------------------------------------------------
{'pid': 0, 'name': 'System Idle Process', 'username': 'NT AUTHORITY\\SYSTEM'} 
{'pid': 4, 'name': 'System', 'username': 'NT AUTHORITY\\SYSTEM'} 
{'pid': 68, 'name': 'svchost.exe', 'username': None} 
{'pid': 72, 'name': 'svchost.exe', 'username': None} 
{'pid': 100, 'name': 'Registry', 'username': None} 
{'pid': 448, 'name': 'smss.exe', 'username': None} 
{'pid': 592, 'name': 'WUDFHost.exe', 'username': None} 
{'pid': 684, 'name': 'csrss.exe', 'username': None} 
{'pid': 688, 'name': 'svchost.exe', 'username': None} 
{'pid': 816, 'name': 'RtkBtManServ.exe', 'username': None} 
{'pid': 820, 'name': 'wininit.exe', 'username': None} 
{'pid': 868, 'name': 'services.exe', 'username': None} 
{'pid': 912, 'name': 'svchost.exe', 'username': None} 
{'pid': 936, 'name': 'lsass.exe', 'username': None} 
{'pid': 968, 'name': 'fontdrvhost.exe', 'username': None} 
{'pid': 1036, 'name': 'svchost.exe', 'username': None} 
{'pid': 1060, 'name': 'SynTPEnhService.exe', 'username': None} 
{'pid': 1072, 'name': 'chrome.exe', 'username': 'DESKTOP-AK86L5U\\Shedage'} 
{'pid': 1136, 'name': 'svchost.exe', 'username': None} 
{'pid': 1188, 'name': 'svchost.exe', 'username': None} 
{'pid': 1288, 'name': 'svchost.exe', 'username': None} 
{'pid': 1320, 'name': 'svchost.exe', 'username': None} 
{'pid': 1328, 'name': 'svchost.exe', 'username': None} 
{'pid': 1336, 'name': 'svchost.exe', 'username': None} 
{'pid': 1364, 'name': 'svchost.exe', 'username': None} 
{'pid': 1448, 'name': 'svchost.exe', 'username': None} 
{'pid': 1480, 'name': 'Code.exe', 'username': 'DESKTOP-AK86L5U\\Shedage'} 
{'pid': 1504, 'name': 'svchost.exe', 'username': None} 
{'pid': 1640, 'name': 'svchost.exe', 'username': None} 
{'pid': 1700, 'name': 'svchost.exe', 'username': None} 
{'pid': 1712, 'name': 'svchost.exe', 'username': None} 
{'pid': 1840, 'name': 'svchost.exe', 'username': None} 
{'pid': 1912, 'name': 'svchost.exe', 'username': None} 
{'pid': 1936, 'name': 'atiesrxx.exe', 'username': None} 
{'pid': 2016, 'name': 'svchost.exe', 'username': None} 
{'pid': 2080, 'name': 'svchost.exe', 'username': 'DESKTOP-AK86L5U\\Shedage'} 
{'pid': 2096, 'name': 'Code.exe', 'username': 'DESKTOP-AK86L5U\\Shedage'} 
{'pid': 2104, 'name': 'svchost.exe', 'username': None} 
{'pid': 2112, 'name': 'svchost.exe', 'username': None} 
{'pid': 2120, 'name': 'svchost.exe', 'username': None} 
{'pid': 2208, 'name': 'svchost.exe', 'username': None} 
{'pid': 2252, 'name': 'igfxCUIService.exe', 'username': None} 
{'pid': 2260, 'name': 'svchost.exe', 'username': None} 
{'pid': 2276, 'name': 'svchost.exe', 'username': None} 
{'pid': 2400, 'name': 'chrome.exe', 'username': 'DESKTOP-AK86L5U\\Shedage'} 
{'pid': 2436, 'name': 'svchost.exe', 'username': None} 
{'pid': 2468, 'name': 'svchost.exe', 'username': None} 
{'pid': 2476, 'name': 'svchost.exe', 'username': None} 
{'pid': 2492, 'name': 'Code.exe', 'username': 'DESKTOP-AK86L5U\\Shedage'} 
{'pid': 2548, 'name': 'SecurityHealthSystray.exe', 'username': 'DESKTOP-AK86L5U\\Shedage'} 
{'pid': 2588, 'name': 'svchost.exe', 'username': None} 
{'pid': 2664, 'name': 'svchost.exe', 'username': None} 
{'pid': 2716, 'name': 'dasHost.exe', 'username': None} 
{'pid': 2736, 'name': 'MemCompression', 'username': None} 
{'pid': 2780, 'name': 'SgrmBroker.exe', 'username': None} 
{'pid': 2836, 'name': 'svchost.exe', 'username': None} 
{'pid': 2856, 'name': 'svchost.exe', 'username': None} 
{'pid': 2928, 'name': 'LMS.exe', 'username': None} 
{'pid': 3028, 'name': 'svchost.exe', 'username': None} 
{'pid': 3088, 'name': 'svchost.exe', 'username': None} 
{'pid': 3104, 'name': 'Code.exe', 'username': 'DESKTOP-AK86L5U\\Shedage'} 
{'pid': 3140, 'name': 'chrome.exe', 'username': 'DESKTOP-AK86L5U\\Shedage'} 
{'pid': 3208, 'name': 'RtkAudioService64.exe', 'username': None} 
{'pid': 3236, 'name': 'svchost.exe', 'username': None} 
{'pid': 3244, 'name': 'svchost.exe', 'username': None} 
{'pid': 3260, 'name': 'mongod.exe', 'username': None} 
{'pid': 3296, 'name': 'svchost.exe', 'username': None} 
{'pid': 3300, 'name': 'svchost.exe', 'username': None} 
{'pid': 3312, 'name': 'svchost.exe', 'username': None} 
{'pid': 3356, 'name': 'svchost.exe', 'username': None} 
{'pid': 3448, 'name': 'svchost.exe', 'username': None} 
{'pid': 3508, 'name': 'svchost.exe', 'username': None} 
{'pid': 3612, 'name': 'svchost.exe', 'username': None} 
{'pid': 3668, 'name': 'svchost.exe', 'username': None} 
{'pid': 3708, 'name': 'svchost.exe', 'username': None} 
{'pid': 3724, 'name': 'svchost.exe', 'username': None} 
{'pid': 3748, 'name': 'svchost.exe', 'username': None} 
{'pid': 3812, 'name': 'svchost.exe', 'username': None} 
{'pid': 3860, 'name': 'spoolsv.exe', 'username': None} 
{'pid': 3896, 'name': 'svchost.exe', 'username': None} 
{'pid': 3980, 'name': 'IntelCpHDCPSvc.exe', 'username': None} 
{'pid': 3988, 'name': 'svchost.exe', 'username': None} 
{'pid': 3996, 'name': 'esif_uf.exe', 'username': None} 
{'pid': 4004, 'name': 'svchost.exe', 'username': None} 
{'pid': 4012, 'name': 'svchost.exe', 'username': None} 
{'pid': 4040, 'name': 'armsvc.exe', 'username': None} 
{'pid': 4076, 'name': 'svchost.exe', 'username': None} 
{'pid': 4116, 'name': 'XtuService.exe', 'username': None} 
{'pid': 4124, 'name': 'svchost.exe', 'username': None} 
{'pid': 4132, 'name': 'svchost.exe', 'username': None} 
{'pid': 4152, 'name': 'svchost.exe', 'username': None} 
{'pid': 4272, 'name': 'ShellExperienceHost.exe', 'username': 'DESKTOP-AK86L5U\\Shedage'} 
{'pid': 4356, 'name': 'msedge.exe', 'username': 'DESKTOP-AK86L5U\\Shedage'} 
{'pid': 4408, 'name': 'IntelCpHeciSvc.exe', 'username': None} 
{'pid': 4448, 'name': 'svchost.exe', 'username': None} 
{'pid': 4568, 'name': 'jhi_service.exe', 'username': None} 
{'pid': 4580, 'name': 'cmd.exe', 'username': 'DESKTOP-AK86L5U\\Shedage'} 
{'pid': 4680, 'name': 'svchost.exe', 'username': None} 
{'pid': 4728, 'name': 'svchost.exe', 'username': None} 
{'pid': 4736, 'name': 'svchost.exe', 'username': 'DESKTOP-AK86L5U\\Shedage'} 
{'pid': 4800, 'name': 'winlogon.exe', 'username': None} 
{'pid': 5172, 'name': 'SearchIndexer.exe', 'username': None} 
{'pid': 5500, 'name': 'svchost.exe', 'username': None} 
{'pid': 5508, 'name': 'chrome.exe', 'username': 'DESKTOP-AK86L5U\\Shedage'} 
{'pid': 5580, 'name': 'svchost.exe', 'username': None} 
{'pid': 5764, 'name': 'msedge.exe', 'username': 'DESKTOP-AK86L5U\\Shedage'} 
{'pid': 5812, 'name': 'svchost.exe', 'username': None} 
{'pid': 6128, 'name': 'AggregatorHost.exe', 'username': None} 
{'pid': 6220, 'name': 'WmiPrvSE.exe', 'username': None} 
{'pid': 6744, 'name': 'svchost.exe', 'username': None} 
{'pid': 6852, 'name': 'svchost.exe', 'username': None} 
{'pid': 6864, 'name': 'svchost.exe', 'username': None} 
{'pid': 6904, 'name': 'svchost.exe', 'username': None} 
{'pid': 6964, 'name': 'svchost.exe', 'username': None} 
{'pid': 7096, 'name': 'svchost.exe', 'username': None} 
{'pid': 7244, 'name': 'chrome.exe', 'username': 'DESKTOP-AK86L5U\\Shedage'} 
{'pid': 7276, 'name': 'LockApp.exe', 'username': 'DESKTOP-AK86L5U\\Shedage'} 
{'pid': 7360, 'name': 'svchost.exe', 'username': None} 
{'pid': 7648, 'name': 'powershell.exe', 'username': 'DESKTOP-AK86L5U\\Shedage'} 
{'pid': 7884, 'name': 'CptHost.exe', 'username': 'DESKTOP-AK86L5U\\Shedage'} 
{'pid': 7960, 'name': 'SearchApp.exe', 'username': 'DESKTOP-AK86L5U\\Shedage'} 
{'pid': 8052, 'name': 'msedge.exe', 'username': 'DESKTOP-AK86L5U\\Shedage'} 
{'pid': 8188, 'name': 'RuntimeBroker.exe', 'username': 'DESKTOP-AK86L5U\\Shedage'} 
{'pid': 8232, 'name': 'conhost.exe', 'username': 'DESKTOP-AK86L5U\\Shedage'} 
{'pid': 8408, 'name': 'MoUsoCoreWorker.exe', 'username': None} 
{'pid': 8416, 'name': 'svchost.exe', 'username': None} 
{'pid': 8608, 'name': 'jusched.exe', 'username': 'DESKTOP-AK86L5U\\Shedage'} 
{'pid': 8808, 'name': 'msedge.exe', 'username': 'DESKTOP-AK86L5U\\Shedage'} 
{'pid': 8828, 'name': 'Zoom.exe', 'username': 'DESKTOP-AK86L5U\\Shedage'} 
{'pid': 8944, 'name': 'TextInputHost.exe', 'username': 'DESKTOP-AK86L5U\\Shedage'} 
{'pid': 8952, 'name': 'SecurityHealthService.exe', 'username': None} 
{'pid': 9040, 'name': 'Code.exe', 'username': 'DESKTOP-AK86L5U\\Shedage'} 
{'pid': 9592, 'name': 'dwm.exe', 'username': None} 
{'pid': 9604, 'name': 'chrome.exe', 'username': 'DESKTOP-AK86L5U\\Shedage'} 
{'pid': 9772, 'name': 'PhoneExperienceHost.exe', 'username': 'DESKTOP-AK86L5U\\Shedage'} 
{'pid': 9788, 'name': 'svchost.exe', 'username': None} 
{'pid': 9864, 'name': 'svchost.exe', 'username': None} 
{'pid': 9928, 'name': 'conhost.exe', 'username': 'DESKTOP-AK86L5U\\Shedage'} 
{'pid': 10068, 'name': 'msedge.exe', 'username': 'DESKTOP-AK86L5U\\Shedage'} 
{'pid': 10524, 'name': 'sihost.exe', 'username': 'DESKTOP-AK86L5U\\Shedage'} 
{'pid': 10740, 'name': 'msedge.exe', 'username': 'DESKTOP-AK86L5U\\Shedage'} 
{'pid': 10820, 'name': 'Code.exe', 'username': 'DESKTOP-AK86L5U\\Shedage'} 
{'pid': 11168, 'name': 'Code.exe', 'username': 'DESKTOP-AK86L5U\\Shedage'} 
{'pid': 11776, 'name': 'explorer.exe', 'username': 'DESKTOP-AK86L5U\\Shedage'} 
{'pid': 11816, 'name': 'Zoom.exe', 'username': 'DESKTOP-AK86L5U\\Shedage'} 
{'pid': 11984, 'name': 'RuntimeBroker.exe', 'username': 'DESKTOP-AK86L5U\\Shedage'} 
{'pid': 12108, 'name': 'svchost.exe', 'username': None} 
{'pid': 12148, 'name': 'powershell.exe', 'username': 'DESKTOP-AK86L5U\\Shedage'} 
{'pid': 12224, 'name': 'RuntimeBroker.exe', 'username': 'DESKTOP-AK86L5U\\Shedage'} 
{'pid': 12428, 'name': 'taskhostw.exe', 'username': 'DESKTOP-AK86L5U\\Shedage'} 
{'pid': 12504, 'name': 'fontdrvhost.exe', 'username': None} 
{'pid': 12800, 'name': 'RtkNGUI64.exe', 'username': 'DESKTOP-AK86L5U\\Shedage'} 
{'pid': 13040, 'name': 'svchost.exe', 'username': None} 
{'pid': 13144, 'name': 'msedge.exe', 'username': 'DESKTOP-AK86L5U\\Shedage'} 
{'pid': 13660, 'name': 'SynTPHelper.exe', 'username': 'DESKTOP-AK86L5U\\Shedage'} 
{'pid': 14104, 'name': 'conhost.exe', 'username': 'DESKTOP-AK86L5U\\Shedage'} 
{'pid': 14332, 'name': 'svchost.exe', 'username': 'DESKTOP-AK86L5U\\Shedage'} 
{'pid': 14388, 'name': 'chrome.exe', 'username': 'DESKTOP-AK86L5U\\Shedage'} 
{'pid': 14588, 'name': 'py.exe', 'username': 'DESKTOP-AK86L5U\\Shedage'} 
{'pid': 14904, 'name': 'python.exe', 'username': 'DESKTOP-AK86L5U\\Shedage'} 
{'pid': 15020, 'name': 'chrome.exe', 'username': 'DESKTOP-AK86L5U\\Shedage'} 
{'pid': 15048, 'name': 'powershell.exe', 'username': 'DESKTOP-AK86L5U\\Shedage'} 
{'pid': 15392, 'name': 'UserOOBEBroker.exe', 'username': 'DESKTOP-AK86L5U\\Shedage'} 
{'pid': 15464, 'name': 'RuntimeBroker.exe', 'username': 'DESKTOP-AK86L5U\\Shedage'} 
{'pid': 15488, 'name': 'RadeonSettings.exe', 'username': 'DESKTOP-AK86L5U\\Shedage'} 
{'pid': 15552, 'name': 'msedge.exe', 'username': 'DESKTOP-AK86L5U\\Shedage'} 
{'pid': 15612, 'name': 'Code.exe', 'username': 'DESKTOP-AK86L5U\\Shedage'} 
{'pid': 15700, 'name': 'audiodg.exe', 'username': None} 
{'pid': 15712, 'name': 'svchost.exe', 'username': None} 
{'pid': 15716, 'name': 'Code.exe', 'username': 'DESKTOP-AK86L5U\\Shedage'} 
{'pid': 15924, 'name': 'chrome.exe', 'username': 'DESKTOP-AK86L5U\\Shedage'} 
{'pid': 16024, 'name': 'Code.exe', 'username': 'DESKTOP-AK86L5U\\Shedage'} 
{'pid': 16232, 'name': 'jucheck.exe', 'username': 'DESKTOP-AK86L5U\\Shedage'} 
{'pid': 16268, 'name': 'dllhost.exe', 'username': 'DESKTOP-AK86L5U\\Shedage'} 
{'pid': 16440, 'name': 'AdobeCollabSync.exe', 'username': 'DESKTOP-AK86L5U\\Shedage'} 
{'pid': 16484, 'name': 'Code.exe', 'username': 'DESKTOP-AK86L5U\\Shedage'} 
{'pid': 16648, 'name': 'igfxEM.exe', 'username': 'DESKTOP-AK86L5U\\Shedage'} 
{'pid': 17088, 'name': 'ApplicationFrameHost.exe', 'username': 'DESKTOP-AK86L5U\\Shedage'} 
{'pid': 17244, 'name': 'svchost.exe', 'username': None} 
{'pid': 17616, 'name': 'OneDrive.exe', 'username': 'DESKTOP-AK86L5U\\Shedage'} 
{'pid': 17640, 'name': 'FileCoAuth.exe', 'username': 'DESKTOP-AK86L5U\\Shedage'} 
{'pid': 17728, 'name': 'ctfmon.exe', 'username': 'DESKTOP-AK86L5U\\Shedage'} 
{'pid': 17760, 'name': 'chrome.exe', 'username': 'DESKTOP-AK86L5U\\Shedage'} 
{'pid': 17812, 'name': 'Code.exe', 'username': 'DESKTOP-AK86L5U\\Shedage'} 
{'pid': 17836, 'name': 'svchost.exe', 'username': 'DESKTOP-AK86L5U\\Shedage'} 
{'pid': 18048, 'name': 'svchost.exe', 'username': None} 
{'pid': 18192, 'name': 'RuntimeBroker.exe', 'username': 'DESKTOP-AK86L5U\\Shedage'} 
{'pid': 18252, 'name': 'AdobeCollabSync.exe', 'username': 'DESKTOP-AK86L5U\\Shedage'} 
{'pid': 18324, 'name': 'msedge.exe', 'username': 'DESKTOP-AK86L5U\\Shedage'} 
{'pid': 18368, 'name': 'StartMenuExperienceHost.exe', 'username': 'DESKTOP-AK86L5U\\Shedage'} 
{'pid': 18392, 'name': 'chrome.exe', 'username': 'DESKTOP-AK86L5U\\Shedage'} 
{'pid': 18496, 'name': 'msedge.exe', 'username': 'DESKTOP-AK86L5U\\Shedage'} 
{'pid': 18716, 'name': 'SearchApp.exe', 'username': 'DESKTOP-AK86L5U\\Shedage'} 
{'pid': 18728, 'name': 'esif_assist_64.exe', 'username': 'DESKTOP-AK86L5U\\Shedage'} 
{'pid': 18788, 'name': 'Microsoft.Media.Player.exe', 'username': 'DESKTOP-AK86L5U\\Shedage'} 
{'pid': 18844, 'name': 'RuntimeBroker.exe', 'username': 'DESKTOP-AK86L5U\\Shedage'} 
{'pid': 19320, 'name': 'msedge.exe', 'username': 'DESKTOP-AK86L5U\\Shedage'} 
{'pid': 19544, 'name': 'taskhostw.exe', 'username': 'DESKTOP-AK86L5U\\Shedage'} 
{'pid': 19612, 'name': 'conhost.exe', 'username': 'DESKTOP-AK86L5U\\Shedage'} 
{'pid': 19628, 'name': 'chrome.exe', 'username': 'DESKTOP-AK86L5U\\Shedage'} 
{'pid': 19708, 'name': 'csrss.exe', 'username': None} 
{'pid': 19868, 'name': 'RAVBg64.exe', 'username': None} 
{'pid': 19944, 'name': 'SynTPEnh.exe', 'username': 'DESKTOP-AK86L5U\\Shedage'} 
----------------------------------------------------------------------------------------------------
